Mon Mar 09 23:41:19 EET 2015  [debug] AvalonLogChute initialized using file 'velocity.log'
Mon Mar 09 23:41:19 EET 2015  [debug] Velocity was not initialized! Calling init()...
Mon Mar 09 23:41:19 EET 2015  [trace] *******************************************************************
Mon Mar 09 23:41:19 EET 2015  [debug] Starting Apache Velocity v1.5 (compiled: 2007-02-22 08:52:29)
Mon Mar 09 23:41:19 EET 2015  [trace] RuntimeInstance initializing.
Mon Mar 09 23:41:19 EET 2015  [debug] Default Properties File: org\apache\velocity\runtime\defaults\velocity.properties
Mon Mar 09 23:41:19 EET 2015  [debug] Trying to use logger class org.apache.velocity.runtime.log.AvalonLogChute
Mon Mar 09 23:41:19 EET 2015  [debug] Using logger class org.apache.velocity.runtime.log.AvalonLogChute
Mon Mar 09 23:41:19 EET 2015  [debug] Default ResourceManager initializing. (class org.apache.velocity.runtime.resource.ResourceManagerImpl)
Mon Mar 09 23:41:19 EET 2015  [debug] ResourceLoader instantiated: org.apache.velocity.runtime.resource.loader.FileResourceLoader
Mon Mar 09 23:41:19 EET 2015  [trace] FileResourceLoader : initialization starting.
Mon Mar 09 23:41:19 EET 2015  [debug] Do unicode file recognition:  false
Mon Mar 09 23:41:19 EET 2015   [info] FileResourceLoader : adding path '.'
Mon Mar 09 23:41:19 EET 2015  [trace] FileResourceLoader : initialization complete.
Mon Mar 09 23:41:19 EET 2015  [debug] ResourceCache: initialized (class org.apache.velocity.runtime.resource.ResourceCacheImpl)
Mon Mar 09 23:41:19 EET 2015  [trace] Default ResourceManager initialization complete.
Mon Mar 09 23:41:19 EET 2015  [debug] Loaded System Directive: org.apache.velocity.runtime.directive.Literal
Mon Mar 09 23:41:19 EET 2015  [debug] Loaded System Directive: org.apache.velocity.runtime.directive.Macro
Mon Mar 09 23:41:19 EET 2015  [debug] Loaded System Directive: org.apache.velocity.runtime.directive.Parse
Mon Mar 09 23:41:19 EET 2015  [debug] Loaded System Directive: org.apache.velocity.runtime.directive.Include
Mon Mar 09 23:41:19 EET 2015  [debug] Loaded System Directive: org.apache.velocity.runtime.directive.Foreach
Mon Mar 09 23:41:19 EET 2015  [debug] Created '20' parsers.
Mon Mar 09 23:41:19 EET 2015  [trace] Velocimacro : initialization starting.
Mon Mar 09 23:41:19 EET 2015  [debug] Velocimacro : "velocimacro.library" is not set.  Trying default library: VM_global_library.vm
Mon Mar 09 23:41:19 EET 2015  [debug] Velocimacro : Default library not found.
Mon Mar 09 23:41:19 EET 2015  [debug] Velocimacro : allowInline = true : VMs can be defined inline in templates
Mon Mar 09 23:41:19 EET 2015  [debug] Velocimacro : allowInlineToOverride = false : VMs defined inline may NOT replace previous VM definitions
Mon Mar 09 23:41:19 EET 2015  [debug] Velocimacro : allowInlineLocal = false : VMs defined inline will be global in scope if allowed.
Mon Mar 09 23:41:19 EET 2015  [debug] Velocimacro : autoload off : VM system will not automatically reload global library macros
Mon Mar 09 23:41:19 EET 2015  [trace] Velocimacro : Velocimacro : initialization complete.
Mon Mar 09 23:41:19 EET 2015  [trace] RuntimeInstance successfully initialized.
